[PR]   ✓ LazyOwnBT: https://github.com/grisuno/LazyOwnBT/pull/3
[PR]   ✓ hypergeometric: https://github.com/grisuno/hypergeometric/pull/7
[PR]   ✓ eStickFix: https://github.com/grisuno/eStickFix/pull/7
[PR]   ✓ deeptrue: https://github.com/grisuno/deeptrue/pull/7
[PR]   ✓ geoneo: https://github.com/grisuno/geoneo/pull/7
[PR]   ✓ admin: https://github.com/grisuno/admin/pull/9
[PR]   ✓ grisiscomeback: https://github.com/grisuno/grisiscomeback/pull/7
[PR]   ✓ blockchain3: https://github.com/grisuno/blockchain3/pull/7
[PR]   ✓ anasniffdeep: https://github.com/grisuno/anasniffdeep/pull/7
[PR]   ✓ adn: https://github.com/grisuno/adn/pull/7
[PR]   ✓ vst: https://github.com/grisuno/vst/pull/7
[PR]   ✓ sndtone: https://github.com/grisuno/sndtone/pull/8
[PR]   ✓ vstsndtone: https://github.com/grisuno/vstsndtone/pull/7
[PR]   ✓ cimatic: https://github.com/grisuno/cimatic/pull/7
[PR]   ✓ expresscrud: https://github.com/grisuno/expresscrud/pull/7
[PR]   ✓ words_bad_spelled: https://github.com/grisuno/words_bad_spelled/pull/7
[PR]   ✓ quantum: https://github.com/grisuno/quantum/pull/7
[PR]   ✓ pascal2php: https://github.com/grisuno/pascal2php/pull/7
[PR]   ✓ inbound-api: https://github.com/grisuno/inbound-api/pull/7
[PR]   ✓ gts: https://github.com/grisuno/gts/pull/7
[PR]   ✓ GpsTracker: https://github.com/grisuno/GpsTracker/pull/7
[PR]   ✓ pytbackdoorch: https://github.com/grisuno/pytbackdoorch/pull/4
[PR]   ✓ grisuno: https://github.com/grisuno/grisuno/pull/7
[PR]   ✓ LazyOwn: https://github.com/grisuno/LazyOwn/pull/147
[PR]   ✓ ramanujan: https://github.com/grisuno/ramanujan/pull/6
[PR]   ✓ feigenbaum: https://github.com/grisuno/feigenbaum/pull/6
[PR]   ✓ pycrud: https://github.com/grisuno/pycrud/pull/6
[PR]   ✓ lietome: https://github.com/grisuno/lietome/pull/6
[PR]   ✓ Estimacion-de-fases-cuanticas: https://github.com/grisuno/Estimacion-de-fases-cuanticas/pull/6
[PR]   ✓ ttyoverhttp: https://github.com/grisuno/ttyoverhttp/pull/6
[PR]   ✓ basilisco: https://github.com/grisuno/basilisco/pull/6
[PR]   ✓ adonay: https://github.com/grisuno/adonay/pull/6
[PR]   ✓ rurlz: https://github.com/grisuno/rurlz/pull/6
[PR]   ✓ LazyBspWM: https://github.com/grisuno/LazyBspWM/pull/6
[PR]   ✓ gconnect: https://github.com/grisuno/gconnect/pull/6
[PR]   ✓ LazyOwnWeb: https://github.com/grisuno/LazyOwnWeb/pull/6
[PR]   ✓ Condorito-Framework: https://github.com/grisuno/Condorito-Framework/pull/6
[PR]   ✓ ajedrez: https://github.com/grisuno/ajedrez/pull/6
[PR]   ✓ PythonTutorial: https://github.com/grisuno/PythonTutorial/pull/6
[PR]   ✓ LazyOwnEncoderDecoder: https://github.com/grisuno/LazyOwnEncoderDecoder/pull/9
[PR]   ✓ ScriptAnimator: https://github.com/grisuno/ScriptAnimator/pull/6
[PR]   ✓ cymatic: https://github.com/grisuno/cymatic/pull/6
[PR]   ✓ LazyOwnBrpFuzzerWeb: https://github.com/grisuno/LazyOwnBrpFuzzerWeb/pull/6
[PR]   ✓ tunneling: https://github.com/grisuno/tunneling/pull/6
[PR]   ✓ ghost.htb: https://github.com/grisuno/ghost.htb/pull/7
[PR]   ✓ mist.htb: https://github.com/grisuno/mist.htb/pull/6
[PR]   ✓ axlle.htb: https://github.com/grisuno/axlle.htb/pull/6
[PR]   ✓ reelify: https://github.com/grisuno/reelify/pull/6
[PR]   ✓ bin_micronucleus: https://github.com/grisuno/bin_micronucleus/pull/6
[PR]   ✓ png2bash: https://github.com/grisuno/png2bash/pull/6
