LazyOwnBT	main	fail	PUT protection HTTP 000
grisuno	main	fail	PUT protection HTTP 000
png2bash	main	fail	PUT protection HTTP 000
bin_micronucleus	main	fail	PUT protection HTTP 000
reelify	main	fail	PUT protection HTTP 000
axlle.htb	main	fail	PUT protection HTTP 000
mist.htb	main	fail	PUT protection HTTP 000
ghost.htb	main	fail	PUT protection HTTP 000
tunneling	main	fail	PUT protection HTTP 000
LazyOwnBrpFuzzerWeb	main	fail	PUT protection HTTP 000
cymatic	main	fail	PUT protection HTTP 000
ScriptAnimator	main	fail	PUT protection HTTP 000
LazyOwnEncoderDecoder	main	fail	PUT protection HTTP 000
PythonTutorial	main	fail	PUT protection HTTP 000
ajedrez	main	fail	PUT protection HTTP 000
Condorito-Framework	main	fail	PUT protection HTTP 000
LazyOwnWeb	main	fail	PUT protection HTTP 000
gconnect	main	fail	PUT protection HTTP 000
LazyBspWM	main	fail	PUT protection HTTP 000
rurlz	main	fail	PUT protection HTTP 000
adonay	main	fail	PUT protection HTTP 000
basilisco	main	fail	PUT protection HTTP 000
ttyoverhttp	master	fail	PUT protection HTTP 000
Estimacion-de-fases-cuanticas	main	fail	PUT protection HTTP 000
lietome	main	fail	PUT protection HTTP 000
pycrud	main	fail	PUT protection HTTP 000
feigenbaum	main	fail	PUT protection HTTP 000
ramanujan	main	fail	PUT protection HTTP 000
pytbackdoorch	main	fail	PUT protection HTTP 000
GpsTracker	master	fail	PUT protection HTTP 000
gts	master	fail	PUT protection HTTP 000
inbound-api	main	fail	PUT protection HTTP 000
pascal2php	main	fail	PUT protection HTTP 000
quantum	main	fail	PUT protection HTTP 000
words_bad_spelled	main	fail	PUT protection HTTP 000
expresscrud	main	fail	PUT protection HTTP 000
cimatic	main	fail	PUT protection HTTP 000
vstsndtone	main	fail	PUT protection HTTP 000
sndtone	main	fail	PUT protection HTTP 000
vst	main	fail	PUT protection HTTP 000
adn	main	fail	PUT protection HTTP 000
anasniffdeep	main	fail	PUT protection HTTP 000
blockchain3	main	fail	PUT protection HTTP 000
grisiscomeback	main	fail	PUT protection HTTP 000
admin	main	fail	PUT protection HTTP 000
geoneo	main	fail	PUT protection HTTP 000
deeptrue	main	fail	PUT protection HTTP 000
eStickFix	main	fail	PUT protection HTTP 000
hypergeometric	main	fail	PUT protection HTTP 000
backdoros	master	fail	PUT protection HTTP 000
pyKerbrute	master	fail	PUT protection HTTP 000
rustrev	main	fail	PUT protection HTTP 000
create_tree	main	fail	PUT protection HTTP 000
HzHeal	main	fail	PUT protection HTTP 000
AbsoluteZero	main	fail	PUT protection HTTP 000
Lazymapd	main	fail	PUT protection HTTP 000
lazyweb	main	fail	PUT protection HTTP 000
embeddings	main	fail	PUT protection HTTP 000
wp-postit	master	fail	PUT protection HTTP 000
amsi	main	fail	PUT protection HTTP 000
ejecutarShellcode	main	fail	PUT protection HTTP 000
OverRide	main	fail	PUT protection HTTP 000
The-QSN-and-Its-Mapping-to-E8	main	fail	PUT protection HTTP 000
win_shellcode	main	fail	PUT protection HTTP 000
ip_to_txt	main	fail	PUT protection HTTP 000
ebird3	main	fail	PUT protection HTTP 000
cgoblin	main	fail	PUT protection HTTP 000
gomulti_loader	main	fail	PUT protection HTTP 000
hellbird	main	fail	PUT protection HTTP 000
binary	main	fail	PUT protection HTTP 000
text2videotutorial	main	fail	PUT protection HTTP 000
netsh_helper_dll	main	fail	PUT protection HTTP 000
LazyLoader	main	fail	PUT protection HTTP 000
peviwer	main	fail	PUT protection HTTP 000
beacon	main	fail	PUT protection HTTP 000
ShellcodeFluctuation_crosscompile	main	fail	PUT protection HTTP 000
CompressLoader	main	fail	PUT protection HTTP 000
BlackSerpentine	main	fail	PUT protection HTTP 000
linux	master	fail	PUT protection HTTP 000
BlackZincBeacon	main	fail	PUT protection HTTP 000
probofs	main	fail	PUT protection HTTP 000
liber-monitor	main	fail	PUT protection HTTP 000
DualMind	main	fail	PUT protection HTTP 000
sinthesys	main	fail	PUT protection HTTP 000
TopoBrain	main	fail	PUT protection HTTP 000
pokemon	main	fail	PUT protection HTTP 000
flickr8k_prepared_sintetic_audio	main	fail	PUT protection HTTP 000
neurologos	main	fail	PUT protection HTTP 000
neuromario	main	fail	PUT protection HTTP 000
ElOjoDeRicci	main	fail	PUT protection HTTP 000
cisnenegro	main	fail	PUT protection HTTP 000
1d_wave_equation_grokker	main	fail	PUT protection HTTP 000
kepler_orbit_grokker	main	fail	PUT protection HTTP 000
chaotic_pendulum_grokked	main	fail	PUT protection HTTP 000
supertopo3	main	fail	PUT protection HTTP 000
agi	main	fail	PUT protection HTTP 000
matrixgrokker	main	fail	PUT protection HTTP 000
algebra-de-grok	main	fail	PUT protection HTTP 000
schrodinger	main	fail	PUT protection HTTP 000
resma	main	fail	PUT protection HTTP 000
Neurothermo	main	fail	PUT protection HTTP 000
Laderman	main	fail	PUT protection HTTP 000
Willmore	main	fail	PUT protection HTTP 000
systemd	main	fail	PUT protection HTTP 000
TopoGPT2	main	fail	PUT protection HTTP 000
copy-fail-CVE-2026-31431	main	fail	PUT protection HTTP 000
LazyOwnOpenCodeAdapter	main	fail	PUT protection HTTP 000
HunyuanVideo-1.5	main	fail	PUT protection HTTP 000
toposwarm	main	fail	PUT protection HTTP 000
QC	main	fail	PUT protection HTTP 000
math-science-video-lectures	master	fail	PUT protection HTTP 000
project-nomad	main	fail	PUT protection HTTP 000
keylogger	main	fail	PUT protection HTTP 000
nikola_tesla_patentes	main	fail	PUT protection HTTP 000
template	main	fail	PUT protection HTTP 000
BOFs	main	fail	PUT protection HTTP 000
LazyOwnInfiniteStorage	main	fail	PUT protection HTTP 000
curlfree	main	fail	PUT protection HTTP 000
fakeftp	main	fail	PUT protection HTTP 000
rust_tcp_ip	main	fail	PUT protection HTTP 000
